<?xml version="1.0" encoding="UTF-8"?>
<TestRun id="b81d464b-e0c1-408e-b6bc-159679f88f34" name="Rob@STUDY 2012-04-20 17:29:48" runUser="Study\Rob" xmlns="http://microsoft.com/schemas/VisualStudio/TeamTest/2010">
  <TestSettings name="Default Test Settings" id="eec74a9b-14fd-474a-bf15-3d06740acb58">
    <Execution>
      <TestTypeSpecific />
      <AgentRule name="Execution Agents">
      </AgentRule>
    </Execution>
    <Deployment runDeploymentRoot="Rob_STUDY 2012-04-20 17_29_48" />
  </TestSettings>
  <Times creation="2012-04-20T17:29:48.1001093+10:00" queuing="2012-04-20T17:29:48.5491350+10:00" start="2012-04-20T17:29:48.6761423+10:00" finish="2012-04-20T17:29:50.5692506+10:00" />
  <ResultSummary outcome="Failed">
    <Counters total="1" executed="1" error="0" failed="1" timeout="0" aborted="0" inconclusive="0" passedButRunAborted="0" notRunnable="0" notExecuted="0" disconnected="0" warning="0" passed="0" completed="0" inProgress="0" pending="0" />
    <RunInfos>
      <RunInfo computerName="STUDY" outcome="Warning" timestamp="2012-04-20T17:29:48.4411289+10:00">
        <Text>Warning: Test Run deployment issue: The assembly or module 'Antlr3.Runtime' directly or indirectly referenced by the test container 'd:\source\f1speed\trunk\src\f1speed.service.tests\bin\debug\f1speed.service.tests.dll' was not found.</Text>
      </RunInfo>
    </RunInfos>
  </ResultSummary>
  <TestDefinitions>
    <UnitTest name="Can_retrieve_lap_from_database" storage="d:\source\f1speed\trunk\src\f1speed.service.tests\bin\debug\f1speed.service.tests.dll" id="9977738c-8820-8a4f-2e56-01d835b186d4">
      <Execution timeOut="1800000" id="67117194-dbe2-451e-8292-3c9228d36721" />
      <TestMethod codeBase="D:/source/F1Speed/trunk/src/F1Speed.Service.Tests/bin/Debug/F1Speed.Service.Tests.DLL" adapterTypeName="Microsoft.VisualStudio.TestTools.TestTypes.Unit.UnitTestAdapter, Microsoft.VisualStudio.QualityTools.Tips.UnitTest.Adapter, Version=10.0.0.0, Culture=neutral, PublicKeyToken=b03f5f7f11d50a3a" className="F1Speed.Service.Tests.LapFixture, F1Speed.Service.Tests, Version=1.0.0.0, Culture=neutral, PublicKeyToken=null" name="Can_retrieve_lap_from_database" />
    </UnitTest>
  </TestDefinitions>
  <TestLists>
    <TestList name="Results Not in a List" id="8c84fa94-04c1-424b-9868-57a2d4851a1d" />
    <TestList name="All Loaded Results" id="19431567-8539-422a-85d7-44ee4e166bda" />
  </TestLists>
  <TestEntries>
    <TestEntry testId="9977738c-8820-8a4f-2e56-01d835b186d4" executionId="67117194-dbe2-451e-8292-3c9228d36721" testListId="8c84fa94-04c1-424b-9868-57a2d4851a1d" />
  </TestEntries>
  <Results>
    <UnitTestResult executionId="67117194-dbe2-451e-8292-3c9228d36721" testId="9977738c-8820-8a4f-2e56-01d835b186d4" testName="Can_retrieve_lap_from_database" computerName="STUDY" duration="00:00:01.6804018" startTime="2012-04-20T17:29:48.7401460+10:00" endTime="2012-04-20T17:29:50.5252481+10:00" testType="13cdc9d9-ddb5-4fa4-a97d-d965ccfc6d4b" outcome="Failed" testListId="8c84fa94-04c1-424b-9868-57a2d4851a1d" relativeResultsDirectory="67117194-dbe2-451e-8292-3c9228d36721">
      <Output>
        <Exception>Exception has been thrown by the target of an invocation.</Exception>
        <ErrorInfo>
          <Message>Unable to create instance of class F1Speed.Service.Tests.LapFixture. Error: FluentNHibernate.Cfg.FluentConfigurationException: An invalid or incomplete configuration was used while creating a SessionFactory. Check PotentialReasons collection, and InnerException for more detail.

 ---&gt; NHibernate.InvalidProxyTypeException: The following types may not be used as proxies:
F1Speed.Service.Lap: method get_LapId should be 'public/protected virtual' or 'protected internal virtual'
F1Speed.Service.Lap: method set_LapId should be 'public/protected virtual' or 'protected internal virtual'
F1Speed.Service.Lap: method get_Driver should be 'public/protected virtual' or 'protected internal virtual'
F1Speed.Service.Lap: method set_Driver should be 'public/protected virtual' or 'protected internal virtual'
F1Speed.Service.Lap: method get_CircuitName should be 'public/protected virtual' or 'protected internal virtual'
F1Speed.Service.Lap: method set_CircuitName should be 'public/protected virtual' or 'protected internal virtual'
F1Speed.Service.Lap: method get_LapTime should be 'public/protected virtual' or 'protected internal virtual'
F1Speed.Service.Lap: method set_LapTime should be 'public/protected virtual' or 'protected internal virtual'
F1Speed.Service.Lap: method get_Samples should be 'public/protected virtual' or 'protected internal virtual'
F1Speed.Service.Lap: method set_Samples should be 'public/protected virtual' or 'protected internal virtual'
F1Speed.Service.LapSample: method get_SampleId should be 'public/protected virtual' or 'protected internal virtual'
F1Speed.Service.LapSample: method set_SampleId should be 'public/protected virtual' or 'protected internal virtual'
F1Speed.Service.LapSample: method get_Time should be 'public/protected virtual' or 'protected internal virtual'
F1Speed.Service.LapSample: method set_Time should be 'public/protected virtual' or 'protected internal virtual'
F1Speed.Service.LapSample: method get_LapTime should be 'public/protected virtual' or 'protected internal virtual'
F1Speed.Service.LapSample: method set_LapTime should be 'public/protected virtual' or 'protected internal virtual'
F1Speed.Service.LapSample: method get_LapDistance should be 'public/protected virtual' or 'protected internal virtual'
F1Speed.Service.LapSample: method set_LapDistance should be 'public/protected virtual' or 'protected internal virtual'
F1Speed.Service.LapSample: method get_Distance should be 'public/protected virtual' or 'protected internal virtual'
F1Speed.Service.LapSample: method set_Distance should be 'public/protected virtual' or 'protected internal virtual'
F1Speed.Service.LapSample: method get_X should be 'public/protected virtual' or 'protected internal virtual'
F1Speed.Service.LapSample: method set_X should be 'public/protected virtual' or 'protected internal virtual'
F1Speed.Service.LapSample: method get_Y should be 'public/protected virtual' or 'protected internal virtual'
F1Speed.Service.LapSample: method set_Y should be 'public/protected virtual' or 'protected internal virtual'
F1Speed.Service.LapSample: method get_Z should be 'public/protected virtual' or 'protected internal virtual'
F1Speed.Service.LapSample: method set_Z should be 'public/protected virtual' or 'protected internal virtual'
F1Speed.Service.LapSample: method get_Speed should be 'public/protected virtual' or 'protected internal virtual'
F1Speed.Service.LapSample: method set_Speed should be 'public/protected virtual' or 'protected internal virtual'
F1Speed.Service.LapSample: method get_WorldSpeedX should be 'public/protected virtual' or 'protected internal virtual'
F1Speed.Service.LapSample: method set_WorldSpeedX should be 'public/protected virtual' or 'protected internal virtual'
F1Speed.Service.LapSample: method get_WorldSpeedY should be 'public/protected virtual' or 'protected internal virtual'
F1Speed.Service.LapSample: method set_WorldSpeedY should be 'public/protected virtual' or 'protected internal virtual'
F1Speed.Service.LapSample: method get_WorldSpeedZ should be 'public/protected virtual' or 'protected internal virtual'
F1Speed.Service.LapSample: method set_WorldSpeedZ should be 'public/protected virtual' or 'protected internal virtual'
F1Speed.Service.LapSample: method get_XR should be 'public/protected virtual' or 'protected internal virtual'
F1Speed.Service.LapSample: method set_XR should be 'public/protected virtual' or 'protected internal virtual'
F1Speed.Service.LapSample: method get_Roll should be 'public/protected virtual' or 'protected internal virtual'
F1Speed.Service.LapSample: method set_Roll should be 'public/protected virtual' or 'protected internal virtual'
F1Speed.Service.LapSample: method get_ZR should be 'public/protected virtual' or 'protected internal virtual'
F1Speed.Service.LapSample: method set_ZR should be 'public/protected virtual' or 'protected internal virtual'
F1Speed.Service.LapSample: method get_XD should be 'public/protected virtual' or 'protected internal virtual'
F1Speed.Service.LapSample: method set_XD should be 'public/protected virtual' or 'protected internal virtual'
F1Speed.Service.LapSample: method get_Pitch should be 'public/protected virtual' or 'protected internal virtual'
F1Speed.Service.LapSample: method set_Pitch should be 'public/protected virtual' or 'protected internal virtual'
F1Speed.Service.LapSample: method get_ZD should be 'public/protected virtual' or 'protected internal virtual'
F1Speed.Service.LapSample: method set_ZD should be 'public/protected virtual' or 'protected internal virtual'
F1Speed.Service.LapSample: method get_SuspensionPositionRearLeft should be 'public/protected virtual' or 'protected internal virtual'
F1Speed.Service.LapSample: method set_SuspensionPositionRearLeft should be 'public/protected virtual' or 'protected internal virtual'
F1Speed.Service.LapSample: method get_SuspensionPositionRearRight should be 'public/protected virtual' or 'protected internal virtual'
F1Speed.Service.LapSample: method set_SuspensionPositionRearRight should be 'public/protected virtual' or 'protected internal virtual'
F1Speed.Service.LapSample: method get_SuspensionPositionFrontLeft should be 'public/protected virtual' or 'protected internal virtual'
F1Speed.Service.LapSample: method set_SuspensionPositionFrontLeft should be 'public/protected virtual' or 'protected internal virtual'
F1Speed.Service.LapSample: method get_SuspensionPositionFrontRight should be 'public/protected virtual' or 'protected internal virtual'
F1Speed.Service.LapSample: method set_SuspensionPositionFrontRight should be 'public/protected virtual' or 'protected internal virtual'
F1Speed.Service.LapSample: method get_SuspensionVelocityRearLeft should be 'public/protected virtual' or 'protected internal virtual'
F1Speed.Service.LapSample: method set_SuspensionVelocityRearLeft should be 'public/protected virtual' or 'protected internal virtual'
F1Speed.Service.LapSample: method get_SuspensionVelocityRearRight should be 'public/protected virtual' or 'protected internal virtual'
F1Speed.Service.LapSample: method set_SuspensionVelocityRearRight should be 'public/protected virtual' or 'protected internal virtual'
F1Speed.Service.LapSample: method get_SuspensionVelocityFrontLeft should be 'public/protected virtual' or 'protected internal virtual'
F1Speed.Service.LapSample: method set_SuspensionVelocityFrontLeft should be 'public/protected virtual' or 'protected internal virtual'
F1Speed.Service.LapSample: method get_SuspensionVelocityFrontRight should be 'public/protected virtual' or 'protected internal virtual'
F1Speed.Service.LapSample: method set_SuspensionVelocityFrontRight should be 'public/protected virtual' or 'protected internal virtual'
F1Speed.Service.LapSample: method get_WheelSpeedRearLeft should be 'public/protected virtual' or 'protected internal virtual'
F1Speed.Service.LapSample: method set_WheelSpeedRearLeft should be 'public/protected virtual' or 'protected internal virtual'
F1Speed.Service.LapSample: method get_WheelSpeedRearRight should be 'public/protected virtual' or 'protected internal virtual'
F1Speed.Service.LapSample: method set_WheelSpeedRearRight should be 'public/protected virtual' or 'protected internal virtual'
F1Speed.Service.LapSample: method get_WheelSpeedFrontLeft should be 'public/protected virtual' or 'protected internal virtual'
F1Speed.Service.LapSample: method set_WheelSpeedFrontLeft should be 'public/protected virtual' or 'protected internal virtual'
F1Speed.Service.LapSample: method get_WheelSpeedFrontRight should be 'public/protected virtual' or 'protected internal virtual'
F1Speed.Service.LapSample: method set_WheelSpeedFrontRight should be 'public/protected virtual' or 'protected internal virtual'
F1Speed.Service.LapSample: method get_Throttle should be 'public/protected virtual' or 'protected internal virtual'
F1Speed.Service.LapSample: method set_Throttle should be 'public/protected virtual' or 'protected internal virtual'
F1Speed.Service.LapSample: method get_Steer should be 'public/protected virtual' or 'protected internal virtual'
F1Speed.Service.LapSample: method set_Steer should be 'public/protected virtual' or 'protected internal virtual'
F1Speed.Service.LapSample: method get_Brake should be 'public/protected virtual' or 'protected internal virtual'
F1Speed.Service.LapSample: method set_Brake should be 'public/protected virtual' or 'protected internal virtual'
F1Speed.Service.LapSample: method get_Clutch should be 'public/protected virtual' or 'protected internal virtual'
F1Speed.Service.LapSample: method set_Clutch should be 'public/protected virtual' or 'protected internal virtual'
F1Speed.Service.LapSample: method get_Gear should be 'public/protected virtual' or 'protected internal virtual'
F1Speed.Service.LapSample: method set_Gear should be 'public/protected virtual' or 'protected internal virtual'
F1Speed.Service.LapSample: method get_LateralAcceleration should be 'public/protected virtual' or 'protected internal virtual'
F1Speed.Service.LapSample: method set_LateralAcceleration should be 'public/protected virtual' or 'protected internal virtual'
F1Speed.Service.LapSample: method get_LongitudinalAcceleration should be 'public/protected virtual' or 'protected internal virtual'
F1Speed.Service.LapSample: method set_LongitudinalAcceleration should be 'public/protected virtual' or 'protected internal virtual'
F1Speed.Service.LapSample: method get_Lap should be 'public/protected virtual' or 'protected internal virtual'
F1Speed.Service.LapSample: method set_Lap should be 'public/protected virtual' or 'protected internal virtual'
F1Speed.Service.LapSample: method get_EngineRevs should be 'public/protected virtual' or 'protected internal virtual'
F1Speed.Service.LapSample: method set_EngineRevs should be 'public/protected virtual' or 'protected internal virtual'.</Message>
          <StackTrace>    at NHibernate.Cfg.Configuration.ValidateEntities()
   at NHibernate.Cfg.Configuration.Validate()
   at NHibernate.Cfg.Configuration.BuildSessionFactory()
   at FluentNHibernate.Cfg.FluentConfiguration.BuildSessionFactory()
 --- End of inner exception stack trace ---
    at FluentNHibernate.Cfg.FluentConfiguration.BuildSessionFactory()
   at F1Speed.Service.Tests.InMemoryDatabase.CreateSessionFactory() in D:\source\F1Speed\trunk\src\F1Speed.Service.Tests\InMemoryDatabase.cs:line 28
   at F1Speed.Service.Tests.InMemoryDatabase..ctor() in D:\source\F1Speed\trunk\src\F1Speed.Service.Tests\InMemoryDatabase.cs:line 20
   at F1Speed.Service.Tests.InMemoryData..ctor() in D:\source\F1Speed\trunk\src\F1Speed.Service.Tests\InMemoryData.cs:line 10
   at F1Speed.Service.Tests.LapFixture..ctor()
</StackTrace>
        </ErrorInfo>
      </Output>
    </UnitTestResult>
  </Results>
</TestRun>