<?xml version="1.0" encoding="UTF-8"?>
<TestRun id="813bd7e4-7b58-44fe-8aa2-9bfdb50c69b1" name="Rob@STUDY 2012-04-21 08:08:15" runUser="Study\Rob" xmlns="http://microsoft.com/schemas/VisualStudio/TeamTest/2010">
  <TestSettings name="Default Test Settings" id="75069a58-00d3-4040-8224-4ec7f70b00aa">
    <Execution>
      <TestTypeSpecific />
      <AgentRule name="Execution Agents">
      </AgentRule>
    </Execution>
    <Deployment runDeploymentRoot="Rob_STUDY 2012-04-21 08_08_15" />
  </TestSettings>
  <Times creation="2012-04-21T08:08:15.8474591+10:00" queuing="2012-04-21T08:08:16.2218598+10:00" start="2012-04-21T08:08:16.3622600+10:00" finish="2012-04-21T08:08:18.3434635+10:00" />
  <ResultSummary outcome="Failed">
    <Counters total="1" executed="1" error="0" failed="1" timeout="0" aborted="0" inconclusive="0" passedButRunAborted="0" notRunnable="0" notExecuted="0" disconnected="0" warning="0" passed="0" completed="0" inProgress="0" pending="0" />
    <RunInfos>
      <RunInfo computerName="STUDY" outcome="Warning" timestamp="2012-04-21T08:08:16.1126596+10:00">
        <Text>Warning: Test Run deployment issue: The assembly or module 'Antlr3.Runtime' directly or indirectly referenced by the test container 'd:\source\f1speed\trunk\src\f1speed.service.tests\bin\debug\f1speed.service.tests.dll' was not found.</Text>
      </RunInfo>
    </RunInfos>
  </ResultSummary>
  <TestDefinitions>
    <UnitTest name="Can_retrieve_lap_from_database" storage="d:\source\f1speed\trunk\src\f1speed.service.tests\bin\debug\f1speed.service.tests.dll" id="9977738c-8820-8a4f-2e56-01d835b186d4">
      <Execution timeOut="1800000" id="bb16e7e2-79f4-4693-a1f4-a52b875a58d8" />
      <TestMethod codeBase="D:/source/F1Speed/trunk/src/F1Speed.Service.Tests/bin/Debug/F1Speed.Service.Tests.DLL" adapterTypeName="Microsoft.VisualStudio.TestTools.TestTypes.Unit.UnitTestAdapter, Microsoft.VisualStudio.QualityTools.Tips.UnitTest.Adapter, Version=10.0.0.0, Culture=neutral, PublicKeyToken=b03f5f7f11d50a3a" className="F1Speed.Service.Tests.LapFixture, F1Speed.Service.Tests, Version=1.0.0.0, Culture=neutral, PublicKeyToken=null" name="Can_retrieve_lap_from_database" />
    </UnitTest>
  </TestDefinitions>
  <TestLists>
    <TestList name="Results Not in a List" id="8c84fa94-04c1-424b-9868-57a2d4851a1d" />
    <TestList name="All Loaded Results" id="19431567-8539-422a-85d7-44ee4e166bda" />
  </TestLists>
  <TestEntries>
    <TestEntry testId="9977738c-8820-8a4f-2e56-01d835b186d4" executionId="bb16e7e2-79f4-4693-a1f4-a52b875a58d8" testListId="8c84fa94-04c1-424b-9868-57a2d4851a1d" />
  </TestEntries>
  <Results>
    <UnitTestResult executionId="bb16e7e2-79f4-4693-a1f4-a52b875a58d8" testId="9977738c-8820-8a4f-2e56-01d835b186d4" testName="Can_retrieve_lap_from_database" computerName="STUDY" duration="00:00:01.7607283" startTime="2012-04-21T08:08:16.4246601+10:00" endTime="2012-04-21T08:08:18.2966634+10:00" testType="13cdc9d9-ddb5-4fa4-a97d-d965ccfc6d4b" outcome="Failed" testListId="8c84fa94-04c1-424b-9868-57a2d4851a1d" relativeResultsDirectory="bb16e7e2-79f4-4693-a1f4-a52b875a58d8">
      <Output>
        <Exception>Exception has been thrown by the target of an invocation.</Exception>
        <ErrorInfo>
          <Message>Unable to create instance of class F1Speed.Service.Tests.LapFixture. Error: FluentNHibernate.Cfg.FluentConfigurationException: An invalid or incomplete configuration was used while creating a SessionFactory. Check PotentialReasons collection, and InnerException for more detail.

 ---&gt; System.DllNotFoundException: Unable to load DLL 'SQLite.Interop.DLL': The specified module could not be found. (Exception from HRESULT: 0x8007007E).</Message>
          <StackTrace>    at System.Data.SQLite.UnsafeNativeMethods.sqlite3_open_interop(Byte[] utf8Filename, Int32 flags, IntPtr&amp; db)
   at System.Data.SQLite.SQLite3.Open(String strFilename, SQLiteOpenFlagsEnum flags, Int32 maxPoolSize, Boolean usePool)
   at System.Data.SQLite.SQLiteConnection.Open()
   at NHibernate.Connection.DriverConnectionProvider.GetConnection()
   at NHibernate.Tool.hbm2ddl.SuppliedConnectionProviderConnectionHelper.Prepare()
   at NHibernate.Tool.hbm2ddl.SchemaMetadataUpdater.GetReservedWords(Dialect dialect, IConnectionHelper connectionHelper)
   at NHibernate.Tool.hbm2ddl.SchemaMetadataUpdater.Update(ISessionFactory sessionFactory)
   at NHibernate.Impl.SessionFactoryImpl..ctor(Configuration cfg, IMapping mapping, Settings settings, EventListeners listeners)
   at NHibernate.Cfg.Configuration.BuildSessionFactory()
   at FluentNHibernate.Cfg.FluentConfiguration.BuildSessionFactory()
 --- End of inner exception stack trace ---
    at FluentNHibernate.Cfg.FluentConfiguration.BuildSessionFactory()
   at F1Speed.Service.Tests.InMemoryDatabase.CreateSessionFactory() in D:\source\F1Speed\trunk\src\F1Speed.Service.Tests\InMemoryDatabase.cs:line 28
   at F1Speed.Service.Tests.InMemoryDatabase..ctor() in D:\source\F1Speed\trunk\src\F1Speed.Service.Tests\InMemoryDatabase.cs:line 20
   at F1Speed.Service.Tests.InMemoryData..ctor() in D:\source\F1Speed\trunk\src\F1Speed.Service.Tests\InMemoryData.cs:line 10
   at F1Speed.Service.Tests.LapFixture..ctor()
</StackTrace>
        </ErrorInfo>
      </Output>
    </UnitTestResult>
  </Results>
</TestRun>