<?xml version="1.0" encoding="UTF-8"?>
<TestRun id="76c90521-9b7e-445e-a57b-ba0d28fbf3a1" name="Rob@STUDY 2012-04-21 13:01:52" runUser="Study\Rob" xmlns="http://microsoft.com/schemas/VisualStudio/TeamTest/2010">
  <TestSettings name="Default Test Settings" id="a858b511-c940-42c6-8f68-5f76830ed011">
    <Execution>
      <TestTypeSpecific />
      <AgentRule name="Execution Agents">
      </AgentRule>
    </Execution>
    <Deployment runDeploymentRoot="Rob_STUDY 2012-04-21 13_01_52" />
  </TestSettings>
  <Times creation="2012-04-21T13:01:52.7213872+10:00" queuing="2012-04-21T13:01:53.1581880+10:00" start="2012-04-21T13:01:53.2985882+10:00" finish="2012-04-21T13:01:54.9677912+10:00" />
  <ResultSummary outcome="Failed">
    <Counters total="1" executed="1" error="0" failed="1" timeout="0" aborted="0" inconclusive="0" passedButRunAborted="0" notRunnable="0" notExecuted="0" disconnected="0" warning="0" passed="0" completed="0" inProgress="0" pending="0" />
  </ResultSummary>
  <TestDefinitions>
    <UnitTest name="Can_retrieve_lap_from_database" storage="d:\source\f1speed\trunk\src\f1speed.service.tests\bin\debug\f1speed.service.tests.dll" id="9977738c-8820-8a4f-2e56-01d835b186d4">
      <Execution timeOut="1800000" id="6d81205d-4aa0-439d-9d5e-0ae7c668ab77" />
      <TestMethod codeBase="D:/source/F1Speed/trunk/src/F1Speed.Service.Tests/bin/Debug/F1Speed.Service.Tests.DLL" adapterTypeName="Microsoft.VisualStudio.TestTools.TestTypes.Unit.UnitTestAdapter, Microsoft.VisualStudio.QualityTools.Tips.UnitTest.Adapter, Version=10.0.0.0, Culture=neutral, PublicKeyToken=b03f5f7f11d50a3a" className="F1Speed.Service.Tests.LapFixture, F1Speed.Service.Tests, Version=1.0.0.0, Culture=neutral, PublicKeyToken=null" name="Can_retrieve_lap_from_database" />
    </UnitTest>
  </TestDefinitions>
  <TestLists>
    <TestList name="Results Not in a List" id="8c84fa94-04c1-424b-9868-57a2d4851a1d" />
    <TestList name="All Loaded Results" id="19431567-8539-422a-85d7-44ee4e166bda" />
  </TestLists>
  <TestEntries>
    <TestEntry testId="9977738c-8820-8a4f-2e56-01d835b186d4" executionId="6d81205d-4aa0-439d-9d5e-0ae7c668ab77" testListId="8c84fa94-04c1-424b-9868-57a2d4851a1d" />
  </TestEntries>
  <Results>
    <UnitTestResult executionId="6d81205d-4aa0-439d-9d5e-0ae7c668ab77" testId="9977738c-8820-8a4f-2e56-01d835b186d4" testName="Can_retrieve_lap_from_database" computerName="STUDY" duration="00:00:01.4181426" startTime="2012-04-21T13:01:53.3765884+10:00" endTime="2012-04-21T13:01:54.9209911+10:00" testType="13cdc9d9-ddb5-4fa4-a97d-d965ccfc6d4b" outcome="Failed" testListId="8c84fa94-04c1-424b-9868-57a2d4851a1d" relativeResultsDirectory="6d81205d-4aa0-439d-9d5e-0ae7c668ab77">
      <Output>
        <Exception>Exception has been thrown by the target of an invocation.</Exception>
        <StdOut>An invalid or incomplete configuration was used while creating a SessionFactory. Check PotentialReasons collection, and InnerException for more detail.</StdOut>
        <ErrorInfo>
          <Message>Unable to create instance of class F1Speed.Service.Tests.LapFixture. Error: System.NullReferenceException: Object reference not set to an instance of an object..</Message>
          <StackTrace>    at F1Speed.Service.Tests.InMemoryDatabase..ctor() in D:\source\F1Speed\trunk\src\F1Speed.Service.Tests\InMemoryDatabase.cs:line 21
   at F1Speed.Service.Tests.InMemoryData..ctor() in D:\source\F1Speed\trunk\src\F1Speed.Service.Tests\InMemoryData.cs:line 10
   at F1Speed.Service.Tests.LapFixture..ctor()
</StackTrace>
        </ErrorInfo>
      </Output>
    </UnitTestResult>
  </Results>
</TestRun>