<?xml version="1.0" encoding="UTF-8"?>
<TestRun id="72d3f081-ee35-4a67-95e8-e75bd6a1b561" name="Rob@STUDY 2012-04-20 17:27:34" runUser="Study\Rob" xmlns="http://microsoft.com/schemas/VisualStudio/TeamTest/2010">
  <TestSettings name="Default Test Settings" id="ee22a900-5700-44cf-8017-0c9f36f9ebee">
    <Execution>
      <TestTypeSpecific />
      <AgentRule name="Execution Agents">
      </AgentRule>
    </Execution>
    <Deployment runDeploymentRoot="Rob_STUDY 2012-04-20 17_27_34" />
  </TestSettings>
  <Times creation="2012-04-20T17:27:34.0634429+10:00" queuing="2012-04-20T17:27:34.5514708+10:00" start="2012-04-20T17:27:34.6774780+10:00" finish="2012-04-20T17:27:36.4215778+10:00" />
  <ResultSummary outcome="Failed">
    <Counters total="1" executed="1" error="0" failed="1" timeout="0" aborted="0" inconclusive="0" passedButRunAborted="0" notRunnable="0" notExecuted="0" disconnected="0" warning="0" passed="0" completed="0" inProgress="0" pending="0" />
    <RunInfos>
      <RunInfo computerName="STUDY" outcome="Warning" timestamp="2012-04-20T17:27:34.4464648+10:00">
        <Text>Warning: Test Run deployment issue: The assembly or module 'Iesi.Collections' directly or indirectly referenced by the test container 'd:\source\f1speed\trunk\src\f1speed.service.tests\bin\debug\f1speed.service.tests.dll' was not found.</Text>
      </RunInfo>
      <RunInfo computerName="STUDY" outcome="Warning" timestamp="2012-04-20T17:27:34.4474649+10:00">
        <Text>Warning: Test Run deployment issue: The assembly or module 'Antlr3.Runtime' directly or indirectly referenced by the test container 'd:\source\f1speed\trunk\src\f1speed.service.tests\bin\debug\f1speed.service.tests.dll' was not found.</Text>
      </RunInfo>
    </RunInfos>
  </ResultSummary>
  <TestDefinitions>
    <UnitTest name="Can_retrieve_lap_from_database" storage="d:\source\f1speed\trunk\src\f1speed.service.tests\bin\debug\f1speed.service.tests.dll" id="9977738c-8820-8a4f-2e56-01d835b186d4">
      <Execution timeOut="1800000" id="da7ed7a0-f664-40c6-8112-a05fb87f505a" />
      <TestMethod codeBase="D:/source/F1Speed/trunk/src/F1Speed.Service.Tests/bin/Debug/F1Speed.Service.Tests.DLL" adapterTypeName="Microsoft.VisualStudio.TestTools.TestTypes.Unit.UnitTestAdapter, Microsoft.VisualStudio.QualityTools.Tips.UnitTest.Adapter, Version=10.0.0.0, Culture=neutral, PublicKeyToken=b03f5f7f11d50a3a" className="F1Speed.Service.Tests.LapFixture, F1Speed.Service.Tests, Version=1.0.0.0, Culture=neutral, PublicKeyToken=null" name="Can_retrieve_lap_from_database" />
    </UnitTest>
  </TestDefinitions>
  <TestLists>
    <TestList name="Results Not in a List" id="8c84fa94-04c1-424b-9868-57a2d4851a1d" />
    <TestList name="All Loaded Results" id="19431567-8539-422a-85d7-44ee4e166bda" />
  </TestLists>
  <TestEntries>
    <TestEntry testId="9977738c-8820-8a4f-2e56-01d835b186d4" executionId="da7ed7a0-f664-40c6-8112-a05fb87f505a" testListId="8c84fa94-04c1-424b-9868-57a2d4851a1d" />
  </TestEntries>
  <Results>
    <UnitTestResult executionId="da7ed7a0-f664-40c6-8112-a05fb87f505a" testId="9977738c-8820-8a4f-2e56-01d835b186d4" testName="Can_retrieve_lap_from_database" computerName="STUDY" duration="00:00:00.1439871" startTime="2012-04-20T17:27:36.1225607+10:00" endTime="2012-04-20T17:27:36.3705748+10:00" testType="13cdc9d9-ddb5-4fa4-a97d-d965ccfc6d4b" outcome="Failed" testListId="8c84fa94-04c1-424b-9868-57a2d4851a1d" relativeResultsDirectory="da7ed7a0-f664-40c6-8112-a05fb87f505a">
      <Output>
        <Exception>Exception has been thrown by the target of an invocation.</Exception>
        <ErrorInfo>
          <Message>Unable to create instance of class F1Speed.Service.Tests.LapFixture. Error: System.IO.FileNotFoundException: Could not load file or assembly 'Iesi.Collections, Version=1.0.1.0, Culture=neutral, PublicKeyToken=aa95f207798dfdb4' or one of its dependencies. The system cannot find the file specified.WRN: Assembly binding logging is turned OFF.
To enable assembly bind failure logging, set the registry value [HKLM\Software\Microsoft\Fusion!EnableLog] (DWORD) to 1.
Note: There is some performance penalty associated with assembly bind failure logging.
To turn this feature off, remove the registry value [HKLM\Software\Microsoft\Fusion!EnableLog].
.</Message>
          <StackTrace>    at NHibernate.Cfg.Configuration.Reset()
   at NHibernate.Cfg.Configuration..ctor(SettingsFactory settingsFactory)
   at FluentNHibernate.Cfg.Fluently.Configure()
   at F1Speed.Service.Tests.InMemoryDatabase.CreateSessionFactory() in D:\source\F1Speed\trunk\src\F1Speed.Service.Tests\InMemoryDatabase.cs:line 28
   at F1Speed.Service.Tests.InMemoryDatabase..ctor() in D:\source\F1Speed\trunk\src\F1Speed.Service.Tests\InMemoryDatabase.cs:line 20
   at F1Speed.Service.Tests.InMemoryData..ctor() in D:\source\F1Speed\trunk\src\F1Speed.Service.Tests\InMemoryData.cs:line 10
   at F1Speed.Service.Tests.LapFixture..ctor()
</StackTrace>
        </ErrorInfo>
      </Output>
    </UnitTestResult>
  </Results>
</TestRun>