<?xml version="1.0" encoding="UTF-8"?>
<TestRun id="5df26cdc-dcc9-4675-b124-032c0a351b93" name="Rob@STUDY 2012-04-21 08:16:48" runUser="Study\Rob" xmlns="http://microsoft.com/schemas/VisualStudio/TeamTest/2010">
  <TestSettings name="Default Test Settings" id="95fb190f-1876-4d67-beb9-3f34a44e86ad">
    <Execution>
      <TestTypeSpecific />
      <AgentRule name="Execution Agents">
      </AgentRule>
    </Execution>
    <Deployment runDeploymentRoot="Rob_STUDY 2012-04-21 08_16_48" />
  </TestSettings>
  <Times creation="2012-04-21T08:16:48.2719746+10:00" queuing="2012-04-21T08:16:48.6619753+10:00" start="2012-04-21T08:16:48.7867756+10:00" finish="2012-04-21T08:16:50.7835791+10:00" />
  <ResultSummary outcome="Failed">
    <Counters total="1" executed="1" error="0" failed="1" timeout="0" aborted="0" inconclusive="0" passedButRunAborted="0" notRunnable="0" notExecuted="0" disconnected="0" warning="0" passed="0" completed="0" inProgress="0" pending="0" />
    <RunInfos>
      <RunInfo computerName="STUDY" outcome="Warning" timestamp="2012-04-21T08:16:48.5371751+10:00">
        <Text>Warning: Test Run deployment issue: The assembly or module 'Antlr3.Runtime' directly or indirectly referenced by the test container 'd:\source\f1speed\trunk\src\f1speed.service.tests\bin\debug\f1speed.service.tests.dll' was not found.</Text>
      </RunInfo>
    </RunInfos>
  </ResultSummary>
  <TestDefinitions>
    <UnitTest name="Can_retrieve_lap_from_database" storage="d:\source\f1speed\trunk\src\f1speed.service.tests\bin\debug\f1speed.service.tests.dll" id="9977738c-8820-8a4f-2e56-01d835b186d4">
      <Execution timeOut="1800000" id="2e2e1ad6-278c-4245-8fe7-750972d922c6" />
      <TestMethod codeBase="D:/source/F1Speed/trunk/src/F1Speed.Service.Tests/bin/Debug/F1Speed.Service.Tests.DLL" adapterTypeName="Microsoft.VisualStudio.TestTools.TestTypes.Unit.UnitTestAdapter, Microsoft.VisualStudio.QualityTools.Tips.UnitTest.Adapter, Version=10.0.0.0, Culture=neutral, PublicKeyToken=b03f5f7f11d50a3a" className="F1Speed.Service.Tests.LapFixture, F1Speed.Service.Tests, Version=1.0.0.0, Culture=neutral, PublicKeyToken=null" name="Can_retrieve_lap_from_database" />
    </UnitTest>
  </TestDefinitions>
  <TestLists>
    <TestList name="Results Not in a List" id="8c84fa94-04c1-424b-9868-57a2d4851a1d" />
    <TestList name="All Loaded Results" id="19431567-8539-422a-85d7-44ee4e166bda" />
  </TestLists>
  <TestEntries>
    <TestEntry testId="9977738c-8820-8a4f-2e56-01d835b186d4" executionId="2e2e1ad6-278c-4245-8fe7-750972d922c6" testListId="8c84fa94-04c1-424b-9868-57a2d4851a1d" />
  </TestEntries>
  <Results>
    <UnitTestResult executionId="2e2e1ad6-278c-4245-8fe7-750972d922c6" testId="9977738c-8820-8a4f-2e56-01d835b186d4" testName="Can_retrieve_lap_from_database" computerName="STUDY" duration="00:00:01.7741108" startTime="2012-04-21T08:16:48.8491757+10:00" endTime="2012-04-21T08:16:50.7367790+10:00" testType="13cdc9d9-ddb5-4fa4-a97d-d965ccfc6d4b" outcome="Failed" testListId="8c84fa94-04c1-424b-9868-57a2d4851a1d" relativeResultsDirectory="2e2e1ad6-278c-4245-8fe7-750972d922c6">
      <Output>
        <Exception>Exception has been thrown by the target of an invocation.</Exception>
        <ErrorInfo>
          <Message>Unable to create instance of class F1Speed.Service.Tests.LapFixture. Error: FluentNHibernate.Cfg.FluentConfigurationException: An invalid or incomplete configuration was used while creating a SessionFactory. Check PotentialReasons collection, and InnerException for more detail.

 ---&gt; NHibernate.HibernateException: Could not create the driver from NHibernate.Driver.SQLite20Driver, NHibernate, Version=2.1.2.4000, Culture=neutral, PublicKeyToken=aa95f207798dfdb4. ---&gt; System.Reflection.TargetInvocationException: Exception has been thrown by the target of an invocation. ---&gt; NHibernate.HibernateException: The IDbCommand and IDbConnection implementation in the assembly System.Data.SQLite could not be found. Ensure that the assembly System.Data.SQLite is located in the application directory or in the Global Assembly Cache. If the assembly is in the GAC, use &lt;qualifyAssembly/&gt; element in the application configuration file to specify the full name of the assembly..</Message>
          <StackTrace>    at NHibernate.Driver.ReflectionBasedDriver..ctor(String driverAssemblyName, String connectionTypeName, String commandTypeName)
   at NHibernate.Driver.SQLite20Driver..ctor()
 --- End of inner exception stack trace ---
    at System.RuntimeTypeHandle.CreateInstance(RuntimeType type, Boolean publicOnly, Boolean noCheck, Boolean&amp; canBeCached, RuntimeMethodHandleInternal&amp; ctor, Boolean&amp; bNeedSecurityCheck)
   at System.RuntimeType.CreateInstanceSlow(Boolean publicOnly, Boolean skipCheckThis, Boolean fillCache)
   at System.RuntimeType.CreateInstanceDefaultCtor(Boolean publicOnly, Boolean skipVisibilityChecks, Boolean skipCheckThis, Boolean fillCache)
   at System.Activator.CreateInstance(Type type, Boolean nonPublic)
   at NHibernate.Bytecode.ActivatorObjectsFactory.CreateInstance(Type type)
   at NHibernate.Connection.ConnectionProvider.ConfigureDriver(IDictionary`2 settings)
 --- End of inner exception stack trace ---
    at NHibernate.Connection.ConnectionProvider.ConfigureDriver(IDictionary`2 settings)
   at NHibernate.Connection.ConnectionProvider.Configure(IDictionary`2 settings)
   at NHibernate.Connection.ConnectionProviderFactory.NewConnectionProvider(IDictionary`2 settings)
   at NHibernate.Cfg.SettingsFactory.BuildSettings(IDictionary`2 properties)
   at NHibernate.Cfg.Configuration.BuildSettings()
   at NHibernate.Cfg.Configuration.BuildSessionFactory()
   at FluentNHibernate.Cfg.FluentConfiguration.BuildSessionFactory()
 --- End of inner exception stack trace ---
    at FluentNHibernate.Cfg.FluentConfiguration.BuildSessionFactory()
   at F1Speed.Service.Tests.InMemoryDatabase.CreateSessionFactory() in D:\source\F1Speed\trunk\src\F1Speed.Service.Tests\InMemoryDatabase.cs:line 28
   at F1Speed.Service.Tests.InMemoryDatabase..ctor() in D:\source\F1Speed\trunk\src\F1Speed.Service.Tests\InMemoryDatabase.cs:line 20
   at F1Speed.Service.Tests.InMemoryData..ctor() in D:\source\F1Speed\trunk\src\F1Speed.Service.Tests\InMemoryData.cs:line 10
   at F1Speed.Service.Tests.LapFixture..ctor()
</StackTrace>
        </ErrorInfo>
      </Output>
    </UnitTestResult>
  </Results>
</TestRun>